<?xml version="1.0" encoding="utf-8"?><testsuites name="pytest tests"><testsuite name="pytest" errors="0" failures="0" skipped="0" tests="14" time="7.122" timestamp="2026-03-11T02:11:44.919942+00:00" hostname="agent-env-da5c4766-b187-4282-8ee7-64a6f862ce19"><testcase classname="backend.tests.test_api.TestHealth" name="test_api_accessible" time="0.169" /><testcase classname="backend.tests.test_api.TestAdminAuth" name="test_admin_login" time="0.336" /><testcase classname="backend.tests.test_api.TestAdminAnalytics" name="test_admin_stats_endpoint" time="0.503" /><testcase classname="backend.tests.test_api.TestAdminAnalytics" name="test_admin_analytics_endpoint" time="0.486" /><testcase classname="backend.tests.test_api.TestAdminAnalytics" name="test_analytics_access_denied_for_non_admin" time="0.150" /><testcase classname="backend.tests.test_api.TestCuratorCreation" name="test_create_curator_endpoint" time="1.226" /><testcase classname="backend.tests.test_api.TestCuratorCreation" name="test_create_curator_duplicate_email" time="0.516" /><testcase classname="backend.tests.test_api.TestMatchVisibility" name="test_admin_sees_all_matches" time="0.462" /><testcase classname="backend.tests.test_api.TestMatchVisibility" name="test_curator_sees_only_their_matches" time="0.473" /><testcase classname="backend.tests.test_api.TestMatchVisibility" name="test_pending_matches_endpoint" time="0.458" /><testcase classname="backend.tests.test_api.TestFollowUpSystem" name="test_get_approved_match_for_followup" time="0.476" /><testcase classname="backend.tests.test_api.TestFollowUpSystem" name="test_create_followup" time="0.589" /><testcase classname="backend.tests.test_api.TestFollowUpSystem" name="test_get_followups" time="0.562" /><testcase classname="backend.tests.test_api.TestCuratorMatchCuration" name="test_approve_match" time="0.578" /></testsuite></testsuites>